{"C:\\_git\\angular-portal-builder\\projects\\angular-portal-builder\\src\\lib\\component-registry.ts": {"path":"C:\\_git\\angular-portal-builder\\projects\\angular-portal-builder\\src\\lib\\component-registry.ts","statementMap":{"0":{"start":{"line":2,"column":0},"end":{"line":2,"column":68}},"1":{"start":{"line":12,"column":31},"end":{"line":12,"column":61}},"2":{"start":{"line":15,"column":25},"end":{"line":16,"column":null}},"3":{"start":{"line":16,"column":6},"end":{"line":16,"column":28}},"4":{"start":{"line":19,"column":4},"end":{"line":23,"column":null}},"5":{"start":{"line":20,"column":6},"end":{"line":22,"column":8}},"6":{"start":{"line":25,"column":4},"end":{"line":25,"column":24}},"7":{"start":{"line":4,"column":0},"end":{"line":4,"column":13}}},"fnMap":{"0":{"name":"(anonymous_0)","decl":{"start":{"line":12,"column":2},"end":{"line":12,"column":31}},"loc":{"start":{"line":12,"column":61},"end":{"line":12,"column":65}}},"1":{"name":"(anonymous_1)","decl":{"start":{"line":14,"column":9},"end":{"line":14,"column":13}},"loc":{"start":{"line":14,"column":37},"end":{"line":26,"column":3}}},"2":{"name":"(anonymous_2)","decl":{"start":{"line":15,"column":49},"end":{"line":15,"column":50}},"loc":{"start":{"line":16,"column":6},"end":{"line":16,"column":28}}}},"branchMap":{"0":{"loc":{"start":{"line":19,"column":4},"end":{"line":23,"column":null}},"type":"if","locations":[{"start":{"line":19,"column":4},"end":{"line":23,"column":null}},{"start":{"line":19,"column":4},"end":{"line":23,"column":null}}]}},"s":{"0":2,"1":6,"2":8,"3":7,"4":8,"5":3,"6":5,"7":2},"f":{"0":6,"1":8,"2":7},"b":{"0":[3,5]}}
,"C:\\_git\\angular-portal-builder\\projects\\angular-portal-builder\\src\\lib\\invalid-operation.ts": {"path":"C:\\_git\\angular-portal-builder\\projects\\angular-portal-builder\\src\\lib\\invalid-operation.ts","statementMap":{"0":{"start":{"line":3,"column":4},"end":{"line":3,"column":13}},"1":{"start":{"line":4,"column":4},"end":{"line":4,"column":60}},"2":{"start":{"line":1,"column":0},"end":{"line":1,"column":13}}},"fnMap":{"0":{"name":"(anonymous_0)","decl":{"start":{"line":2,"column":2},"end":{"line":2,"column":14}},"loc":{"start":{"line":2,"column":23},"end":{"line":5,"column":3}}}},"branchMap":{},"s":{"0":2,"1":2,"2":1},"f":{"0":2},"b":{}}
,"C:\\_git\\angular-portal-builder\\projects\\angular-portal-builder\\src\\lib\\no-suitable-registration.ts": {"path":"C:\\_git\\angular-portal-builder\\projects\\angular-portal-builder\\src\\lib\\no-suitable-registration.ts","statementMap":{"0":{"start":{"line":3,"column":4},"end":{"line":3,"column":13}},"1":{"start":{"line":4,"column":4},"end":{"line":4,"column":66}},"2":{"start":{"line":1,"column":0},"end":{"line":1,"column":13}}},"fnMap":{"0":{"name":"(anonymous_0)","decl":{"start":{"line":2,"column":2},"end":{"line":2,"column":14}},"loc":{"start":{"line":2,"column":23},"end":{"line":5,"column":3}}}},"branchMap":{},"s":{"0":3,"1":3,"2":2},"f":{"0":3},"b":{}}
,"C:\\_git\\angular-portal-builder\\projects\\angular-portal-builder\\src\\lib\\portal-builder.ts": {"path":"C:\\_git\\angular-portal-builder\\projects\\angular-portal-builder\\src\\lib\\portal-builder.ts","statementMap":{"0":{"start":{"line":1,"column":0},"end":{"line":1,"column":71}},"1":{"start":{"line":2,"column":0},"end":{"line":2,"column":71}},"2":{"start":{"line":5,"column":0},"end":{"line":5,"column":57}},"3":{"start":{"line":6,"column":0},"end":{"line":6,"column":55}},"4":{"start":{"line":17,"column":21},"end":{"line":17,"column":null}},"5":{"start":{"line":22,"column":21},"end":{"line":22,"column":45}},"6":{"start":{"line":23,"column":21},"end":{"line":23,"column":61}},"7":{"start":{"line":24,"column":21},"end":{"line":24,"column":40}},"8":{"start":{"line":39,"column":6},"end":{"line":42,"column":null}},"9":{"start":{"line":45,"column":4},"end":{"line":50,"column":6}},"10":{"start":{"line":59,"column":4},"end":{"line":59,"column":42}},"11":{"start":{"line":64,"column":4},"end":{"line":69,"column":6}},"12":{"start":{"line":75,"column":4},"end":{"line":80,"column":6}},"13":{"start":{"line":96,"column":31},"end":{"line":102,"column":27}},"14":{"start":{"line":104,"column":4},"end":{"line":109,"column":6}},"15":{"start":{"line":113,"column":4},"end":{"line":117,"column":null}},"16":{"start":{"line":114,"column":6},"end":{"line":116,"column":8}},"17":{"start":{"line":118,"column":4},"end":{"line":122,"column":null}},"18":{"start":{"line":119,"column":6},"end":{"line":121,"column":8}},"19":{"start":{"line":124,"column":25},"end":{"line":124,"column":60}},"20":{"start":{"line":126,"column":4},"end":{"line":128,"column":null}},"21":{"start":{"line":127,"column":6},"end":{"line":127,"column":32}},"22":{"start":{"line":130,"column":4},"end":{"line":132,"column":6}},"23":{"start":{"line":8,"column":0},"end":{"line":8,"column":13}}},"fnMap":{"0":{"name":"(anonymous_0)","decl":{"start":{"line":16,"column":2},"end":{"line":16,"column":null}},"loc":{"start":{"line":24,"column":40},"end":{"line":25,"column":6}}},"1":{"name":"(anonymous_1)","decl":{"start":{"line":33,"column":2},"end":{"line":33,"column":13}},"loc":{"start":{"line":36,"column":23},"end":{"line":51,"column":3}}},"2":{"name":"(anonymous_2)","decl":{"start":{"line":56,"column":2},"end":{"line":56,"column":6}},"loc":{"start":{"line":57,"column":27},"end":{"line":60,"column":3}}},"3":{"name":"(anonymous_3)","decl":{"start":{"line":61,"column":2},"end":{"line":61,"column":15}},"loc":{"start":{"line":62,"column":27},"end":{"line":70,"column":3}}},"4":{"name":"(anonymous_4)","decl":{"start":{"line":72,"column":2},"end":{"line":72,"column":12}},"loc":{"start":{"line":73,"column":43},"end":{"line":81,"column":3}}},"5":{"name":"(anonymous_5)","decl":{"start":{"line":91,"column":2},"end":{"line":91,"column":13}},"loc":{"start":{"line":94,"column":17},"end":{"line":110,"column":3}}},"6":{"name":"(anonymous_6)","decl":{"start":{"line":112,"column":2},"end":{"line":112,"column":10}},"loc":{"start":{"line":112,"column":34},"end":{"line":133,"column":3}}}},"branchMap":{"0":{"loc":{"start":{"line":40,"column":10},"end":{"line":40,"column":33}},"type":"cond-expr","locations":[{"start":{"line":40,"column":10},"end":{"line":40,"column":33}},{"start":{"line":41,"column":10},"end":{"line":42,"column":null}}]},"1":{"loc":{"start":{"line":97,"column":8},"end":{"line":101,"column":10}},"type":"cond-expr","locations":[{"start":{"line":97,"column":8},"end":{"line":101,"column":10}},{"start":{"line":102,"column":8},"end":{"line":102,"column":27}}]},"2":{"loc":{"start":{"line":113,"column":4},"end":{"line":117,"column":null}},"type":"if","locations":[{"start":{"line":113,"column":4},"end":{"line":117,"column":null}},{"start":{"line":113,"column":4},"end":{"line":117,"column":null}}]},"3":{"loc":{"start":{"line":118,"column":4},"end":{"line":122,"column":null}},"type":"if","locations":[{"start":{"line":118,"column":4},"end":{"line":122,"column":null}},{"start":{"line":118,"column":4},"end":{"line":122,"column":null}}]},"4":{"loc":{"start":{"line":126,"column":4},"end":{"line":128,"column":null}},"type":"if","locations":[{"start":{"line":126,"column":4},"end":{"line":128,"column":null}},{"start":{"line":126,"column":4},"end":{"line":128,"column":null}}]}},"s":{"0":1,"1":1,"2":1,"3":1,"4":34,"5":34,"6":34,"7":34,"8":7,"9":7,"10":6,"11":7,"12":3,"13":5,"14":5,"15":6,"16":1,"17":5,"18":1,"19":4,"20":3,"21":1,"22":3,"23":1},"f":{"0":34,"1":7,"2":6,"3":7,"4":3,"5":5,"6":6},"b":{"0":[6,1],"1":[1,4],"2":[1,5],"3":[1,4],"4":[1,2]}}
}
