TN:
SF:projects\angular-portal-builder\src\lib\component-registry.ts
FN:12,(anonymous_0)
FN:14,(anonymous_1)
FN:15,(anonymous_2)
FNF:3
FNH:3
FNDA:6,(anonymous_0)
FNDA:8,(anonymous_1)
FNDA:7,(anonymous_2)
DA:2,2
DA:4,2
DA:12,6
DA:15,8
DA:16,7
DA:19,8
DA:20,3
DA:25,5
LF:8
LH:8
BRDA:19,0,0,3
BRDA:19,0,1,5
BRF:2
BRH:2
end_of_record
TN:
SF:projects\angular-portal-builder\src\lib\invalid-operation.ts
FN:2,(anonymous_0)
FNF:1
FNH:1
FNDA:2,(anonymous_0)
DA:1,1
DA:3,2
DA:4,2
LF:3
LH:3
BRF:0
BRH:0
end_of_record
TN:
SF:projects\angular-portal-builder\src\lib\no-suitable-registration.ts
FN:2,(anonymous_0)
FNF:1
FNH:1
FNDA:3,(anonymous_0)
DA:1,2
DA:3,3
DA:4,3
LF:3
LH:3
BRF:0
BRH:0
end_of_record
TN:
SF:projects\angular-portal-builder\src\lib\portal-builder.ts
FN:16,(anonymous_0)
FN:33,(anonymous_1)
FN:56,(anonymous_2)
FN:61,(anonymous_3)
FN:72,(anonymous_4)
FN:91,(anonymous_5)
FN:112,(anonymous_6)
FNF:7
FNH:7
FNDA:34,(anonymous_0)
FNDA:7,(anonymous_1)
FNDA:6,(anonymous_2)
FNDA:7,(anonymous_3)
FNDA:3,(anonymous_4)
FNDA:5,(anonymous_5)
FNDA:6,(anonymous_6)
DA:1,1
DA:2,1
DA:5,1
DA:6,1
DA:8,1
DA:17,34
DA:22,34
DA:23,34
DA:24,34
DA:39,7
DA:45,7
DA:59,6
DA:64,7
DA:75,3
DA:96,5
DA:104,5
DA:113,6
DA:114,1
DA:118,5
DA:119,1
DA:124,4
DA:126,3
DA:127,1
DA:130,3
LF:24
LH:24
BRDA:40,0,0,6
BRDA:40,0,1,1
BRDA:97,1,0,1
BRDA:97,1,1,4
BRDA:113,2,0,1
BRDA:113,2,1,5
BRDA:118,3,0,1
BRDA:118,3,1,4
BRDA:126,4,0,1
BRDA:126,4,1,2
BRF:10
BRH:10
end_of_record
